<?xml version="1.0" encoding="UTF-8"?>
<testsuite xmlns:xsi="http://www.w3.org/2001/XMLSchema-instance" xsi:schemaLocation="https://maven.apache.org/surefire/maven-surefire-plugin/xsd/surefire-test-report.xsd" name="newser.AcceptanceTestSuite" time="459.979" tests="46" errors="1" skipped="0" failures="3">
  <properties>
[...]
</properties>
  <testcase name="BeforeStories" classname="java.lang.Object" time="0.016"/>
  <testcase name="Given user is on the OCOM  page" classname="newser.steps.serenity.ChaticonDefinition" time="20.853"/>
  <testcase name="When the page loads" classname="newser.steps.serenity.ChaticonDefinition" time="1.081"/>
  <testcase name="Then chat icon must appear in global header" classname="newser.steps.serenity.ChaticonDefinition" time="1.44"/>
  <testcase name="Scenario: Chat icon global header" classname="Scenario: Chat icon global header" time="2.243"/>
  <testcase name="Given user is on the OCOM  page​" classname="newser.steps.serenity.ChaticonDefinition" time="18.079"/>
  <testcase name="When the page loads​" classname="newser.steps.serenity.ChaticonDefinition" time="1.114"/>
  <testcase name="Then chat icon must appear on the side wall" classname="newser.steps.serenity.ChaticonDefinition" time="1.105"/>
  <testcase name="Scenario: Chat icon side wall" classname="Scenario: Chat icon side wall" time="1.661"/>
  <testcase name="Given user is on the OCOM  page​​" classname="newser.steps.serenity.ChaticonDefinition" time="16.755"/>
  <testcase name="When proactive chat appears" classname="newser.steps.serenity.ChaticonDefinition" time="27.957"/>
  <testcase name="Then user clicks on start chat button" classname="newser.steps.serenity.ChaticonDefinition" time="2.226"/>
  <testcase name="Then chat form must open" classname="newser.steps.serenity.ChaticonDefinition" time="8.972"/>
  <testcase name="Scenario: Start chat with agent from proactive chat window" classname="Scenario: Start chat with agent from proactive chat window" time="9.536"/>
  <testcase name="Given user is on the OCOM  page​​​" classname="newser.steps.serenity.ChaticonDefinition" time="17.354"/>
  <testcase name="When proactive chat appears​" classname="newser.steps.serenity.ChaticonDefinition" time="27.968"/>
  <testcase name="Then user clicks x" classname="newser.steps.serenity.ChaticonDefinition" time="1.484"/>
  <testcase name="Then chat form must not open" classname="newser.steps.serenity.ChaticonDefinition" time="3.664"/>
  <testcase name="Scenario: Close proactive chat window" classname="Scenario: Close proactive chat window" time="4.211"/>
  <testcase name="Given user is on the OCOM  page​​​​" classname="newser.steps.serenity.ChaticonDefinition" time="25.195"/>
  <testcase name="When the user clicks on the chat icon" classname="newser.steps.serenity.ChaticonDefinition" time="4.469"/>
  <testcase name="Then modal must show chat options" classname="newser.steps.serenity.ChaticonDefinition" time="5.01"/>
  <testcase name="Scenario: Chat options" classname="Scenario: Chat options" time="5.568"/>
  <testcase name="Given user opened chat modal on OCOM page" classname="newser.steps.serenity.ChaticonDefinition" time="26.017"/>
  <testcase name="When the user clicks on CTA link" classname="newser.steps.serenity.ChaticonDefinition" time="1.985"/>
  <testcase name="Then chat forms must open" classname="newser.steps.serenity.ChaticonDefinition" time="9.592"/>
  <testcase name="Scenario: Start the chat with an agent" classname="Scenario: Start the chat with an agent" time="10.353"/>
  <testcase name="Given user opened chat modal on OCOM page​" classname="newser.steps.serenity.ChaticonDefinition" time="26.401"/>
  <testcase name="When the user click on CTA link" classname="newser.steps.serenity.ChaticonDefinition" time="3.441"/>
  <testcase name="Then support options page must open" classname="newser.steps.serenity.ChaticonDefinition" time="5.958"/>
  <testcase name="Scenario: Start a chat with an agent" classname="Scenario: Start a chat with an agent" time="6.507"/>
  <testcase name="Given user clicked start chat" classname="newser.steps.serenity.ChaticonDefinition" time="24.955"/>
  <testcase name="When chat form opens" classname="newser.steps.serenity.ChaticonDefinition" time="9.583"/>
  <testcase name="Then user must view form fields" classname="newser.steps.serenity.ChaticonDefinition" time="4.234"/>
  <testcase name="Scenario: Chat form field" classname="Scenario: Chat form field" time="4.972"/>
  <testcase name="Given user opened chat form" classname="newser.steps.serenity.ChaticonDefinition" time="76.416"/>
  <testcase name="When user browsers the website" classname="newser.steps.serenity.ChaticonDefinition" time="1.196"/>
  <testcase name="Then chat form must not close" classname="newser.steps.serenity.ChaticonDefinition" time="9.674"/>
  <testcase name="Scenario: Browser page" classname="Scenario: Browser page" time="10.383"/>
  <testcase name="Given user opened chat form​" classname="newser.steps.serenity.ChaticonDefinition" time="23.461"/>
  <testcase name="When mandatory fields are not filled" classname="newser.steps.serenity.ChaticonDefinition" time="6.011"/>
  <testcase name="Then form must not be submitted" classname="newser.steps.serenity.ChaticonDefinition" time="20.884">
    <failure type="java.lang.AssertionError">java.lang.AssertionError
	at newser.steps.serenity.ChaticonDefinition.Thenformmustnotbesubmitted(ChaticonDefinition.java:159)
</failure>
    <system-out><![CDATA[Then form must not be submitted (FAILED)
(java.lang.AssertionError)
]]></system-out>
  </testcase>
  <testcase name="Scenario: Chat form validation" classname="Scenario: Chat form validation" time="21.695">
    <failure message="scenario failed!" type="java.lang.AssertionError">java.lang.AssertionError: scenario failed!
</failure>
    <system-out><![CDATA[
java.lang.AssertionError
	at org.junit.Assert.fail(Assert.java:86)
	at org.junit.Assert.assertTrue(Assert.java:41)
	at org.junit.Assert.assertTrue(Assert.java:52)
	at newser.pages.Chaticonpage.form_not_submitted(Chaticonpage.java:282)
	at newser.steps.Chaticonsteps.form_not_submitted(Chaticonsteps.java:119)
	at newser.steps.Chaticonsteps$$EnhancerByCGLIB$$aff0236f.CGLIB$form_not_submitted$7(<generated>)
	at newser.steps.Chaticonsteps$$EnhancerByCGLIB$$aff0236f$$FastClassByCGLIB$$4f9912e5.invoke(<generated>)
	at net.sf.cglib.proxy.MethodProxy.invokeSuper(MethodProxy.java:228)
	at net.thucydides.core.steps.StepInterceptor.invokeMethod(StepInterceptor.java:395)
	at net.thucydides.core.steps.StepInterceptor.executeTestStepMethod(StepInterceptor.java:380)
	at net.thucydides.core.steps.StepInterceptor.runTestStep(StepInterceptor.java:355)
	at net.thucydides.core.steps.StepInterceptor.testStepResult(StepInterceptor.java:132)
	at net.thucydides.core.steps.StepInterceptor.intercept(StepInterceptor.java:61)
	at newser.steps.Chaticonsteps$$EnhancerByCGLIB$$aff0236f.form_not_submitted(<generated>)
	at newser.steps.serenity.ChaticonDefinition.Thenformmustnotbesubmitted(ChaticonDefinition.java:159)
	(reflection-invoke)
	at org.jbehave.core.steps.StepCreator$ParametrisedStep.perform(StepCreator.java:733)
	at org.jbehave.core.embedder.PerformableTree$FineSoFar.run(PerformableTree.java:346)
...
]]></system-out>
    <system-err><![CDATA[[pool-1-thread-1] ERROR net.serenitybdd.core.Serenity - 
           __  _____ _____ ____ _____   _____ _    ___ _     _____ ____  
  _       / / |_   _| ____/ ___|_   _| |  ___/ \  |_ _| |   | ____|  _ \ 
 (_)_____| |    | | |  _| \___ \ | |   | |_ / _ \  | || |   |  _| | | | |
  _|_____| |    | | | |___ ___) || |   |  _/ ___ \ | || |___| |___| |_| |
 (_)     | |    |_| |_____|____/ |_|   |_|/_/   \_\___|_____|_____|____/ 
          \_\                                                            

TEST FAILED: Chat form validation
--------------------------------------------------------------------------
[pool-1-thread-1] ERROR net.serenitybdd.core.Serenity - TEST FAILED AT STEP Form not submitted
[pool-1-thread-1] ERROR net.serenitybdd.core.Serenity - 
]]></system-err>
  </testcase>
  <testcase name="Chat.story" classname="Chat.story" time="21.718">
    <failure message="story failed!" type="java.lang.AssertionError">java.lang.AssertionError: story failed!
</failure>
    <system-out><![CDATA[
]]></system-out>
  </testcase>
  <testcase name="AfterStories" classname="java.lang.Object" time="6.623"/>
  <testcase name="newser.AcceptanceTestSuite" classname="org.apache.maven.surefire.junit4.JUnit4Provider" time="7.606">
    <error message="org.jbehave.core.embedder.Embedder$RunningStoriesFailed: Failures in running stories: &#10;org.jbehave.core.embedder.PerformableTree$SomethingHappened@660f0be7: java.lang.AssertionError" type="java.lang.RuntimeException">java.lang.RuntimeException: 
org.jbehave.core.embedder.Embedder$RunningStoriesFailed: Failures in running stories: 
org.jbehave.core.embedder.PerformableTree$SomethingHappened@660f0be7: java.lang.AssertionError
	at org.apache.maven.surefire.junit4.JUnit4Provider.execute(JUnit4Provider.java:367)
	at org.apache.maven.surefire.junit4.JUnit4Provider.executeWithRerun(JUnit4Provider.java:274)
	at org.apache.maven.surefire.junit4.JUnit4Provider.executeTestSet(JUnit4Provider.java:238)
	at org.apache.maven.surefire.junit4.JUnit4Provider.invoke(JUnit4Provider.java:161)
Caused by: org.jbehave.core.embedder.Embedder$RunningStoriesFailed: 
Failures in running stories: 
org.jbehave.core.embedder.PerformableTree$SomethingHappened@660f0be7: java.lang.AssertionError
	at org.apache.maven.surefire.junit4.JUnit4Provider.execute(JUnit4Provider.java:367)
	at org.apache.maven.surefire.junit4.JUnit4Provider.executeWithRerun(JUnit4Provider.java:274)
	at org.apache.maven.surefire.junit4.JUnit4Provider.executeTestSet(JUnit4Provider.java:238)
	at org.apache.maven.surefire.junit4.JUnit4Provider.invoke(JUnit4Provider.java:161)
</error>
    <system-out><![CDATA[Generating reports view to 'C:\Users\arpannee\new\git\Chat_Model\target\jbehave' using formats '[stats, console, html, xml, serenityreporter, junitscenarioreporter]' and view properties '{decorateNonHtml=true}'
Reports view generated with 2 stories (of which 0 pending) containing 10 scenarios (of which 0 pending)
Failures in reports view: 1 scenarios failed
]]></system-out>
  </testcase>
</testsuite>