<?xml version="1.0" encoding="UTF-8"?><testsuite errors="0" failures="0" name="Chat" skipped="0" tests="10" time="398.8" timestamp="2018-07-17T18:54:24.623+05:30[Asia/Calcutta]"><testcase name="Chat icon global header"/><testcase name="Chat icon side wall"/><testcase name="Start chat with agent from proactive chat window"/><testcase name="Close proactive chat window"/><testcase name="Chat options"/><testcase name="Start the chat with an agent"/><testcase name="Start a chat with an agent"/><testcase name="Chat form field"/><testcase name="Browser page"/><testcase name="Chat form validation"/></testsuite>